<?xml version="1.0" encoding="UTF-8"?>
<testsuites name="jest tests" tests="4" failures="0" errors="0" time="1.072">
  <testsuite name="personaDefinitions" errors="0" failures="0" skipped="0" timestamp="2026-09-10T18:37:34" time="0.967" tests="4">
    <testcase classname="personaDefinitions defines unique persona keys and emails" name="personaDefinitions defines unique persona keys and emails" time="0.003">
    </testcase>
    <testcase classname="personaDefinitions uses only supported auth roles and known landing paths" name="personaDefinitions uses only supported auth roles and known landing paths" time="0.002">
    </testcase>
    <testcase classname="personaDefinitions maps internal personas to seeded employee roles and permissions" name="personaDefinitions maps internal personas to seeded employee roles and permissions" time="0.005">
    </testcase>
    <testcase classname="personaDefinitions looks up personas by key" name="personaDefinitions looks up personas by key" time="0.002">
    </testcase>
  </testsuite>
</testsuites>