<?xml version="1.0" encoding="UTF-8"?>
<testsuites name="jest tests" tests="1039" failures="0" errors="0" time="33.326">
  <testsuite name="Security Tests" errors="0" failures="0" skipped="25" timestamp="2026-07-26T00:16:22" time="1.511" tests="25">
    <testcase classname="Security Tests Cross-Tenant Isolation should prevent customer from accessing other customer profile" name="Security Tests Cross-Tenant Isolation should prevent customer from accessing other customer profile" time="0">
      <skipped/>
    </testcase>
    <testcase classname="Security Tests Cross-Tenant Isolation should prevent customer from modifying other customer address" name="Security Tests Cross-Tenant Isolation should prevent customer from modifying other customer address" time="0">
      <skipped/>
    </testcase>
    <testcase classname="Security Tests Cross-Tenant Isolation should prevent customer from accessing other customer cart" name="Security Tests Cross-Tenant Isolation should prevent customer from accessing other customer cart" time="0">
      <skipped/>
    </testcase>
    <testcase classname="Security Tests Cross-Tenant Isolation should only show customer their own orders" name="Security Tests Cross-Tenant Isolation should only show customer their own orders" time="0">
      <skipped/>
    </testcase>
    <testcase classname="Security Tests Shipping Cost Tampering Prevention should reject manually set shipping cost in order creation" name="Security Tests Shipping Cost Tampering Prevention should reject manually set shipping cost in order creation" time="0">
      <skipped/>
    </testcase>
    <testcase classname="Security Tests Shipping Cost Tampering Prevention should calculate shipping cost server-side" name="Security Tests Shipping Cost Tampering Prevention should calculate shipping cost server-side" time="0">
      <skipped/>
    </testcase>
    <testcase classname="Security Tests Shipping Cost Tampering Prevention should validate order amounts before processing" name="Security Tests Shipping Cost Tampering Prevention should validate order amounts before processing" time="0">
      <skipped/>
    </testcase>
    <testcase classname="Security Tests Shipping Cost Tampering Prevention should enforce maximum order amount limits" name="Security Tests Shipping Cost Tampering Prevention should enforce maximum order amount limits" time="0">
      <skipped/>
    </testcase>
    <testcase classname="Security Tests Payment Security should never expose card numbers in responses" name="Security Tests Payment Security should never expose card numbers in responses" time="0">
      <skipped/>
    </testcase>
    <testcase classname="Security Tests Payment Security should enforce minimum order amount" name="Security Tests Payment Security should enforce minimum order amount" time="0">
      <skipped/>
    </testcase>
    <testcase classname="Security Tests Payment Security should enforce maximum order amount" name="Security Tests Payment Security should enforce maximum order amount" time="0">
      <skipped/>
    </testcase>
    <testcase classname="Security Tests Payment Security should validate payment method ownership" name="Security Tests Payment Security should validate payment method ownership" time="0">
      <skipped/>
    </testcase>
    <testcase classname="Security Tests Authentication &amp; Authorization should return 401 without authentication token" name="Security Tests Authentication &amp; Authorization should return 401 without authentication token" time="0">
      <skipped/>
    </testcase>
    <testcase classname="Security Tests Authentication &amp; Authorization should return 401 with invalid token" name="Security Tests Authentication &amp; Authorization should return 401 with invalid token" time="0">
      <skipped/>
    </testcase>
    <testcase classname="Security Tests Authentication &amp; Authorization should return 401 with malformed auth header" name="Security Tests Authentication &amp; Authorization should return 401 with malformed auth header" time="0">
      <skipped/>
    </testcase>
    <testcase classname="Security Tests Authentication &amp; Authorization should return 403 for permission denied" name="Security Tests Authentication &amp; Authorization should return 403 for permission denied" time="0">
      <skipped/>
    </testcase>
    <testcase classname="Security Tests Authentication &amp; Authorization should accept valid token and return user data" name="Security Tests Authentication &amp; Authorization should accept valid token and return user data" time="0">
      <skipped/>
    </testcase>
    <testcase classname="Security Tests Webhook Security should reject webhook without valid signature" name="Security Tests Webhook Security should reject webhook without valid signature" time="0">
      <skipped/>
    </testcase>
    <testcase classname="Security Tests Webhook Security should reject webhook with invalid signature" name="Security Tests Webhook Security should reject webhook with invalid signature" time="0">
      <skipped/>
    </testcase>
    <testcase classname="Security Tests Webhook Security should handle webhook payload validation" name="Security Tests Webhook Security should handle webhook payload validation" time="0">
      <skipped/>
    </testcase>
    <testcase classname="Security Tests Webhook Security should log webhook processing for audit trail" name="Security Tests Webhook Security should log webhook processing for audit trail" time="0">
      <skipped/>
    </testcase>
    <testcase classname="Security Tests Input Validation &amp; XSS Prevention should sanitize user input on registration" name="Security Tests Input Validation &amp; XSS Prevention should sanitize user input on registration" time="0">
      <skipped/>
    </testcase>
    <testcase classname="Security Tests Input Validation &amp; XSS Prevention should validate content-type headers" name="Security Tests Input Validation &amp; XSS Prevention should validate content-type headers" time="0">
      <skipped/>
    </testcase>
    <testcase classname="Security Tests Input Validation &amp; XSS Prevention should reject oversized payloads" name="Security Tests Input Validation &amp; XSS Prevention should reject oversized payloads" time="0">
      <skipped/>
    </testcase>
    <testcase classname="Security Tests Input Validation &amp; XSS Prevention should validate email format" name="Security Tests Input Validation &amp; XSS Prevention should validate email format" time="0">
      <skipped/>
    </testcase>
  </testsuite>
  <testsuite name="Checkout Currency Security - CRITICAL TESTS" errors="0" failures="0" skipped="17" timestamp="2026-07-26T00:16:23" time="0.353" tests="17">
    <testcase classname="Checkout Currency Security - CRITICAL TESTS Server-Side Total Recalculation should ignore client-provided total amount" name="Checkout Currency Security - CRITICAL TESTS Server-Side Total Recalculation should ignore client-provided total amount" time="0">
      <skipped/>
    </testcase>
    <testcase classname="Checkout Currency Security - CRITICAL TESTS Server-Side Total Recalculation should reject if client-provided total doesn&apos;t match server calculation" name="Checkout Currency Security - CRITICAL TESTS Server-Side Total Recalculation should reject if client-provided total doesn&apos;t match server calculation" time="0">
      <skipped/>
    </testcase>
    <testcase classname="Checkout Currency Security - CRITICAL TESTS Server-Side Total Recalculation should recalculate all components server-side" name="Checkout Currency Security - CRITICAL TESTS Server-Side Total Recalculation should recalculate all components server-side" time="0">
      <skipped/>
    </testcase>
    <testcase classname="Checkout Currency Security - CRITICAL TESTS Server-Side Total Recalculation should apply tax based on server-side shipping address" name="Checkout Currency Security - CRITICAL TESTS Server-Side Total Recalculation should apply tax based on server-side shipping address" time="0">
      <skipped/>
    </testcase>
    <testcase classname="Checkout Currency Security - CRITICAL TESTS Exchange Rate Locking at Order Creation should fetch and lock exchange rate before creating order" name="Checkout Currency Security - CRITICAL TESTS Exchange Rate Locking at Order Creation should fetch and lock exchange rate before creating order" time="0">
      <skipped/>
    </testcase>
    <testcase classname="Checkout Currency Security - CRITICAL TESTS Exchange Rate Locking at Order Creation should prevent rate changes after locking" name="Checkout Currency Security - CRITICAL TESTS Exchange Rate Locking at Order Creation should prevent rate changes after locking" time="0">
      <skipped/>
    </testcase>
    <testcase classname="Checkout Currency Security - CRITICAL TESTS Exchange Rate Locking at Order Creation should use locked rate for refunds" name="Checkout Currency Security - CRITICAL TESTS Exchange Rate Locking at Order Creation should use locked rate for refunds" time="0">
      <skipped/>
    </testcase>
    <testcase classname="Checkout Currency Security - CRITICAL TESTS Currency Snapshot Persistence should store currency info with order" name="Checkout Currency Security - CRITICAL TESTS Currency Snapshot Persistence should store currency info with order" time="0">
      <skipped/>
    </testcase>
    <testcase classname="Checkout Currency Security - CRITICAL TESTS Currency Snapshot Persistence should snapshot exchange rate, tax rate, and shipping cost" name="Checkout Currency Security - CRITICAL TESTS Currency Snapshot Persistence should snapshot exchange rate, tax rate, and shipping cost" time="0">
      <skipped/>
    </testcase>
    <testcase classname="Checkout Currency Security - CRITICAL TESTS Currency Snapshot Persistence should allow querying orders by currency" name="Checkout Currency Security - CRITICAL TESTS Currency Snapshot Persistence should allow querying orders by currency" time="0">
      <skipped/>
    </testcase>
    <testcase classname="Checkout Currency Security - CRITICAL TESTS Currency Consistency Validation should validate all items use base currency" name="Checkout Currency Security - CRITICAL TESTS Currency Consistency Validation should validate all items use base currency" time="0">
      <skipped/>
    </testcase>
    <testcase classname="Checkout Currency Security - CRITICAL TESTS Currency Consistency Validation should reject stale product prices" name="Checkout Currency Security - CRITICAL TESTS Currency Consistency Validation should reject stale product prices" time="0">
      <skipped/>
    </testcase>
    <testcase classname="Checkout Currency Security - CRITICAL TESTS Currency Consistency Validation should ensure minor units are integers" name="Checkout Currency Security - CRITICAL TESTS Currency Consistency Validation should ensure minor units are integers" time="0">
      <skipped/>
    </testcase>
    <testcase classname="Checkout Currency Security - CRITICAL TESTS Stripe Payment Integration with Currency should create payment intent with correct currency from server calculation" name="Checkout Currency Security - CRITICAL TESTS Stripe Payment Integration with Currency should create payment intent with correct currency from server calculation" time="0">
      <skipped/>
    </testcase>
    <testcase classname="Checkout Currency Security - CRITICAL TESTS Stripe Payment Integration with Currency should verify webhook amount matches order snapshot" name="Checkout Currency Security - CRITICAL TESTS Stripe Payment Integration with Currency should verify webhook amount matches order snapshot" time="0">
      <skipped/>
    </testcase>
    <testcase classname="Checkout Currency Security - CRITICAL TESTS Denial of Service Prevention should limit currency conversion requests per minute" name="Checkout Currency Security - CRITICAL TESTS Denial of Service Prevention should limit currency conversion requests per minute" time="0">
      <skipped/>
    </testcase>
    <testcase classname="Checkout Currency Security - CRITICAL TESTS Denial of Service Prevention should cache conversion results to reduce load" name="Checkout Currency Security - CRITICAL TESTS Denial of Service Prevention should cache conversion results to reduce load" time="0">
      <skipped/>
    </testcase>
  </testsuite>
  <testsuite name="Employee Invitation Integration Tests" errors="0" failures="0" skipped="9" timestamp="2026-07-26T00:16:24" time="0.59" tests="9">
    <testcase classname="Employee Invitation Integration Tests POST /api/v1/identity/employees/invite invites employee and sends invitation email" name="Employee Invitation Integration Tests POST /api/v1/identity/employees/invite invites employee and sends invitation email" time="0">
      <skipped/>
    </testcase>
    <testcase classname="Employee Invitation Integration Tests POST /api/v1/identity/employees/invite includes valid invitation token in email URL" name="Employee Invitation Integration Tests POST /api/v1/identity/employees/invite includes valid invitation token in email URL" time="0">
      <skipped/>
    </testcase>
    <testcase classname="Employee Invitation Integration Tests POST /api/v1/identity/employees/invite includes inviter name in invitation email" name="Employee Invitation Integration Tests POST /api/v1/identity/employees/invite includes inviter name in invitation email" time="0">
      <skipped/>
    </testcase>
    <testcase classname="Employee Invitation Integration Tests POST /api/v1/identity/employees/invite handles email failure without blocking invitation creation" name="Employee Invitation Integration Tests POST /api/v1/identity/employees/invite handles email failure without blocking invitation creation" time="0">
      <skipped/>
    </testcase>
    <testcase classname="Employee Invitation Integration Tests POST /api/v1/identity/employees/invite creates invitation with 24-hour expiration" name="Employee Invitation Integration Tests POST /api/v1/identity/employees/invite creates invitation with 24-hour expiration" time="0">
      <skipped/>
    </testcase>
    <testcase classname="Employee Invitation Integration Tests POST /api/v1/identity/employees/invite requires admin authentication" name="Employee Invitation Integration Tests POST /api/v1/identity/employees/invite requires admin authentication" time="0">
      <skipped/>
    </testcase>
    <testcase classname="Employee Invitation Integration Tests POST /api/v1/identity/employees/invite rejects duplicate invitations to same email" name="Employee Invitation Integration Tests POST /api/v1/identity/employees/invite rejects duplicate invitations to same email" time="0">
      <skipped/>
    </testcase>
    <testcase classname="Employee Invitation Integration Tests POST /api/v1/identity/employees/invite creates acceptance route and verifies token" name="Employee Invitation Integration Tests POST /api/v1/identity/employees/invite creates acceptance route and verifies token" time="0">
      <skipped/>
    </testcase>
    <testcase classname="Employee Invitation Integration Tests Invitation Email Content sends email with proper template context" name="Employee Invitation Integration Tests Invitation Email Content sends email with proper template context" time="0">
      <skipped/>
    </testcase>
  </testsuite>
  <testsuite name="Complete Order Lifecycle (E2E)" errors="0" failures="0" skipped="10" timestamp="2026-07-26T00:16:24" time="0.541" tests="10">
    <testcase classname="Complete Order Lifecycle (E2E) Order Creation and Cart Operations should create cart and add items" name="Complete Order Lifecycle (E2E) Order Creation and Cart Operations should create cart and add items" time="0">
      <skipped/>
    </testcase>
    <testcase classname="Complete Order Lifecycle (E2E) Order Creation and Cart Operations should add items to cart" name="Complete Order Lifecycle (E2E) Order Creation and Cart Operations should add items to cart" time="0">
      <skipped/>
    </testcase>
    <testcase classname="Complete Order Lifecycle (E2E) Order Creation and Cart Operations should retrieve cart items" name="Complete Order Lifecycle (E2E) Order Creation and Cart Operations should retrieve cart items" time="0">
      <skipped/>
    </testcase>
    <testcase classname="Complete Order Lifecycle (E2E) Order Creation and Cart Operations should create order from cart" name="Complete Order Lifecycle (E2E) Order Creation and Cart Operations should create order from cart" time="0">
      <skipped/>
    </testcase>
    <testcase classname="Complete Order Lifecycle (E2E) Order Creation and Cart Operations should retrieve orders for user" name="Complete Order Lifecycle (E2E) Order Creation and Cart Operations should retrieve orders for user" time="0">
      <skipped/>
    </testcase>
    <testcase classname="Complete Order Lifecycle (E2E) Order Status and Retrieval should retrieve a specific order by id" name="Complete Order Lifecycle (E2E) Order Status and Retrieval should retrieve a specific order by id" time="0">
      <skipped/>
    </testcase>
    <testcase classname="Complete Order Lifecycle (E2E) Order Status and Retrieval should update order with valid fields" name="Complete Order Lifecycle (E2E) Order Status and Retrieval should update order with valid fields" time="0">
      <skipped/>
    </testcase>
    <testcase classname="Complete Order Lifecycle (E2E) Order Status and Retrieval should list orders with pagination support" name="Complete Order Lifecycle (E2E) Order Status and Retrieval should list orders with pagination support" time="0">
      <skipped/>
    </testcase>
    <testcase classname="Complete Order Lifecycle (E2E) Order Status and Retrieval should handle order not found gracefully" name="Complete Order Lifecycle (E2E) Order Status and Retrieval should handle order not found gracefully" time="0">
      <skipped/>
    </testcase>
    <testcase classname="Complete Order Lifecycle (E2E) Order Status and Retrieval should enforce authorization - anonymous request rejected" name="Complete Order Lifecycle (E2E) Order Status and Retrieval should enforce authorization - anonymous request rejected" time="0">
      <skipped/>
    </testcase>
  </testsuite>
  <testsuite name="Guest Cart Validate (E2E)" errors="0" failures="0" skipped="2" timestamp="2026-07-26T00:16:25" time="0.556" tests="2">
    <testcase classname="Guest Cart Validate (E2E) returns price_changed detail when DB price differs from cart price" name="Guest Cart Validate (E2E) returns price_changed detail when DB price differs from cart price" time="0">
      <skipped/>
    </testcase>
    <testcase classname="Guest Cart Validate (E2E) returns insufficient_stock detail when requested quantity exceeds stock" name="Guest Cart Validate (E2E) returns insufficient_stock detail when requested quantity exceeds stock" time="0">
      <skipped/>
    </testcase>
  </testsuite>
  <testsuite name="RateLimiter" errors="0" failures="0" skipped="0" timestamp="2026-07-26T00:16:25" time="5.923" tests="13">
    <testcase classname="RateLimiter Token acquisition acquires token immediately when available" name="RateLimiter Token acquisition acquires token immediately when available" time="0.003">
    </testcase>
    <testcase classname="RateLimiter Token acquisition decrements token count" name="RateLimiter Token acquisition decrements token count" time="0.001">
    </testcase>
    <testcase classname="RateLimiter Token acquisition acquires all capacity tokens" name="RateLimiter Token acquisition acquires all capacity tokens" time="0.002">
    </testcase>
    <testcase classname="RateLimiter Token acquisition queues request when no tokens available" name="RateLimiter Token acquisition queues request when no tokens available" time="0.215">
    </testcase>
    <testcase classname="RateLimiter Token refill refills tokens over time" name="RateLimiter Token refill refills tokens over time" time="1.105">
    </testcase>
    <testcase classname="RateLimiter Token refill does not exceed capacity after refill" name="RateLimiter Token refill does not exceed capacity after refill" time="1.103">
    </testcase>
    <testcase classname="RateLimiter Token refill allows requests after token refill" name="RateLimiter Token refill allows requests after token refill" time="1.102">
    </testcase>
    <testcase classname="RateLimiter Queue management tracks queue length" name="RateLimiter Queue management tracks queue length" time="2.005">
    </testcase>
    <testcase classname="RateLimiter Queue management rejects request on timeout" name="RateLimiter Queue management rejects request on timeout" time="0.104">
    </testcase>
    <testcase classname="RateLimiter State management returns current state" name="RateLimiter State management returns current state" time="0.004">
    </testcase>
    <testcase classname="RateLimiter State management resets limiter" name="RateLimiter State management resets limiter" time="0.003">
    </testcase>
    <testcase classname="RateLimiter Integration scenarios acquires multiple tokens from capacity" name="RateLimiter Integration scenarios acquires multiple tokens from capacity" time="0.003">
    </testcase>
    <testcase classname="RateLimiter Integration scenarios queues and rejects on timeout" name="RateLimiter Integration scenarios queues and rejects on timeout" time="0.202">
    </testcase>
  </testsuite>
  <testsuite name="Multi-Tenant Isolation Tests" errors="0" failures="0" skipped="0" timestamp="2026-07-26T00:16:31" time="0.516" tests="17">
    <testcase classname="Multi-Tenant Isolation Tests Vendor Data Isolation Should not allow vendor to access other vendor products" name="Multi-Tenant Isolation Tests Vendor Data Isolation Should not allow vendor to access other vendor products" time="0">
    </testcase>
    <testcase classname="Multi-Tenant Isolation Tests Vendor Data Isolation Should block direct access to other vendor products" name="Multi-Tenant Isolation Tests Vendor Data Isolation Should block direct access to other vendor products" time="0">
    </testcase>
    <testcase classname="Multi-Tenant Isolation Tests Vendor Data Isolation Should prevent vendor from updating other vendor products" name="Multi-Tenant Isolation Tests Vendor Data Isolation Should prevent vendor from updating other vendor products" time="0">
    </testcase>
    <testcase classname="Multi-Tenant Isolation Tests Vendor Data Isolation Should isolate vendor inventory from other vendors" name="Multi-Tenant Isolation Tests Vendor Data Isolation Should isolate vendor inventory from other vendors" time="0.001">
    </testcase>
    <testcase classname="Multi-Tenant Isolation Tests Order Data Isolation Should filter orders by customer user only" name="Multi-Tenant Isolation Tests Order Data Isolation Should filter orders by customer user only" time="0">
    </testcase>
    <testcase classname="Multi-Tenant Isolation Tests Order Data Isolation Should prevent vendor from accessing customer orders from other vendors" name="Multi-Tenant Isolation Tests Order Data Isolation Should prevent vendor from accessing customer orders from other vendors" time="0">
    </testcase>
    <testcase classname="Multi-Tenant Isolation Tests Order Data Isolation Should isolate order items by vendor" name="Multi-Tenant Isolation Tests Order Data Isolation Should isolate order items by vendor" time="0.001">
    </testcase>
    <testcase classname="Multi-Tenant Isolation Tests Employee/Tenant Hierarchy Isolation Should restrict vendors to manage their own employees" name="Multi-Tenant Isolation Tests Employee/Tenant Hierarchy Isolation Should restrict vendors to manage their own employees" time="0">
    </testcase>
    <testcase classname="Multi-Tenant Isolation Tests Employee/Tenant Hierarchy Isolation Should prevent vendor from inviting employees from other vendors" name="Multi-Tenant Isolation Tests Employee/Tenant Hierarchy Isolation Should prevent vendor from inviting employees from other vendors" time="0.001">
    </testcase>
    <testcase classname="Multi-Tenant Isolation Tests Employee/Tenant Hierarchy Isolation Should allow system admin to access all vendors" name="Multi-Tenant Isolation Tests Employee/Tenant Hierarchy Isolation Should allow system admin to access all vendors" time="0">
    </testcase>
    <testcase classname="Multi-Tenant Isolation Tests Role &amp; Permission Isolation Should isolate roles by vendor" name="Multi-Tenant Isolation Tests Role &amp; Permission Isolation Should isolate roles by vendor" time="0">
    </testcase>
    <testcase classname="Multi-Tenant Isolation Tests Role &amp; Permission Isolation Should prevent cross-vendor permission assignment" name="Multi-Tenant Isolation Tests Role &amp; Permission Isolation Should prevent cross-vendor permission assignment" time="0">
    </testcase>
    <testcase classname="Multi-Tenant Isolation Tests Audit Log Isolation Should isolate audit logs by vendor" name="Multi-Tenant Isolation Tests Audit Log Isolation Should isolate audit logs by vendor" time="0.001">
    </testcase>
    <testcase classname="Multi-Tenant Isolation Tests Audit Log Isolation Should log vendor isolation violations" name="Multi-Tenant Isolation Tests Audit Log Isolation Should log vendor isolation violations" time="0">
    </testcase>
    <testcase classname="Multi-Tenant Isolation Tests Data Leakage Prevention Should not leak vendor data through search" name="Multi-Tenant Isolation Tests Data Leakage Prevention Should not leak vendor data through search" time="0.001">
    </testcase>
    <testcase classname="Multi-Tenant Isolation Tests Data Leakage Prevention Should not expose vendor metadata in error messages" name="Multi-Tenant Isolation Tests Data Leakage Prevention Should not expose vendor metadata in error messages" time="0">
    </testcase>
    <testcase classname="Multi-Tenant Isolation Tests Data Leakage Prevention Should prevent side-channel attacks through timing" name="Multi-Tenant Isolation Tests Data Leakage Prevention Should prevent side-channel attacks through timing" time="0.001">
    </testcase>
  </testsuite>
  <testsuite name="Guest Entry Session API" errors="0" failures="0" skipped="0" timestamp="2026-07-26T00:16:32" time="0.616" tests="3">
    <testcase classname="Guest Entry Session API returns authenticated session when token is valid" name="Guest Entry Session API returns authenticated session when token is valid" time="0.04">
    </testcase>
    <testcase classname="Guest Entry Session API reuses guest token when valid guest session exists" name="Guest Entry Session API reuses guest token when valid guest session exists" time="0.013">
    </testcase>
    <testcase classname="Guest Entry Session API creates guest token for first-time unauthenticated request" name="Guest Entry Session API creates guest token for first-time unauthenticated request" time="0.011">
    </testcase>
  </testsuite>
  <testsuite name="Exchange Rate Service - Unit Tests" errors="0" failures="0" skipped="0" timestamp="2026-07-26T00:16:32" time="1.219" tests="26">
    <testcase classname="Exchange Rate Service - Unit Tests getExchangeRate should return cached rate if available" name="Exchange Rate Service - Unit Tests getExchangeRate should return cached rate if available" time="0.002">
    </testcase>
    <testcase classname="Exchange Rate Service - Unit Tests getExchangeRate should fetch from provider if cache miss" name="Exchange Rate Service - Unit Tests getExchangeRate should fetch from provider if cache miss" time="0.001">
    </testcase>
    <testcase classname="Exchange Rate Service - Unit Tests getExchangeRate should cache the fetched rate" name="Exchange Rate Service - Unit Tests getExchangeRate should cache the fetched rate" time="0">
    </testcase>
    <testcase classname="Exchange Rate Service - Unit Tests getExchangeRate should set appropriate TTL on cache" name="Exchange Rate Service - Unit Tests getExchangeRate should set appropriate TTL on cache" time="0.001">
    </testcase>
    <testcase classname="Exchange Rate Service - Unit Tests getExchangeRate should throw on invalid currency pair" name="Exchange Rate Service - Unit Tests getExchangeRate should throw on invalid currency pair" time="0.017">
    </testcase>
    <testcase classname="Exchange Rate Service - Unit Tests getExchangeRate should handle database error gracefully" name="Exchange Rate Service - Unit Tests getExchangeRate should handle database error gracefully" time="0.018">
    </testcase>
    <testcase classname="Exchange Rate Service - Unit Tests convertCurrency should convert amount using exchange rate" name="Exchange Rate Service - Unit Tests convertCurrency should convert amount using exchange rate" time="0.001">
    </testcase>
    <testcase classname="Exchange Rate Service - Unit Tests convertCurrency should apply rounding to prevent precision loss" name="Exchange Rate Service - Unit Tests convertCurrency should apply rounding to prevent precision loss" time="0.001">
    </testcase>
    <testcase classname="Exchange Rate Service - Unit Tests convertCurrency should return same amount for same currency" name="Exchange Rate Service - Unit Tests convertCurrency should return same amount for same currency" time="0.001">
    </testcase>
    <testcase classname="Exchange Rate Service - Unit Tests convertCurrency should handle fractional conversions accurately" name="Exchange Rate Service - Unit Tests convertCurrency should handle fractional conversions accurately" time="0">
    </testcase>
    <testcase classname="Exchange Rate Service - Unit Tests lockExchangeRate should store locked rate for order" name="Exchange Rate Service - Unit Tests lockExchangeRate should store locked rate for order" time="0.001">
    </testcase>
    <testcase classname="Exchange Rate Service - Unit Tests lockExchangeRate should store lock timestamp" name="Exchange Rate Service - Unit Tests lockExchangeRate should store lock timestamp" time="0.001">
    </testcase>
    <testcase classname="Exchange Rate Service - Unit Tests lockExchangeRate should prevent double-locking" name="Exchange Rate Service - Unit Tests lockExchangeRate should prevent double-locking" time="0.001">
    </testcase>
    <testcase classname="Exchange Rate Service - Unit Tests getHistoricalRate should retrieve historical rate from database" name="Exchange Rate Service - Unit Tests getHistoricalRate should retrieve historical rate from database" time="0.001">
    </testcase>
    <testcase classname="Exchange Rate Service - Unit Tests getHistoricalRate should cache historical rate" name="Exchange Rate Service - Unit Tests getHistoricalRate should cache historical rate" time="0">
    </testcase>
    <testcase classname="Exchange Rate Service - Unit Tests getHistoricalRate should return null if no historical rate found" name="Exchange Rate Service - Unit Tests getHistoricalRate should return null if no historical rate found" time="0">
    </testcase>
    <testcase classname="Exchange Rate Service - Unit Tests refreshCachedRates should refresh all active currency pairs" name="Exchange Rate Service - Unit Tests refreshCachedRates should refresh all active currency pairs" time="0.004">
    </testcase>
    <testcase classname="Exchange Rate Service - Unit Tests refreshCachedRates should handle refresh errors gracefully" name="Exchange Rate Service - Unit Tests refreshCachedRates should handle refresh errors gracefully" time="0.001">
    </testcase>
    <testcase classname="Exchange Rate Service - Unit Tests Cache Management should clear expired cache entries" name="Exchange Rate Service - Unit Tests Cache Management should clear expired cache entries" time="1.102">
    </testcase>
    <testcase classname="Exchange Rate Service - Unit Tests Cache Management should track cache hit/miss ratio" name="Exchange Rate Service - Unit Tests Cache Management should track cache hit/miss ratio" time="0.002">
    </testcase>
    <testcase classname="Exchange Rate Service - Unit Tests Cache Management should have configurable TTL" name="Exchange Rate Service - Unit Tests Cache Management should have configurable TTL" time="0.001">
    </testcase>
    <testcase classname="Exchange Rate Service - Unit Tests Error Handling and Validation should validate currency codes strictly" name="Exchange Rate Service - Unit Tests Error Handling and Validation should validate currency codes strictly" time="0.004">
    </testcase>
    <testcase classname="Exchange Rate Service - Unit Tests Error Handling and Validation should handle rate precision limits" name="Exchange Rate Service - Unit Tests Error Handling and Validation should handle rate precision limits" time="0.002">
    </testcase>
    <testcase classname="Exchange Rate Service - Unit Tests Error Handling and Validation should isolate currencies in multi-tenant scenarios" name="Exchange Rate Service - Unit Tests Error Handling and Validation should isolate currencies in multi-tenant scenarios" time="0.001">
    </testcase>
    <testcase classname="Exchange Rate Service - Integration Tests should handle concurrent rate requests without race conditions" name="Exchange Rate Service - Integration Tests should handle concurrent rate requests without race conditions" time="0.001">
    </testcase>
    <testcase classname="Exchange Rate Service - Integration Tests should maintain consistency across rate lookups" name="Exchange Rate Service - Integration Tests should maintain consistency across rate lookups" time="0.001">
    </testcase>
  </testsuite>
  <testsuite name="Product API - Integration Tests" errors="0" failures="0" skipped="0" timestamp="2026-07-26T00:16:34" time="0.519" tests="4">
    <testcase classname="Product API - Integration Tests GET /api/v1/catalog/products returns list payload or graceful error" name="Product API - Integration Tests GET /api/v1/catalog/products returns list payload or graceful error" time="0.008">
    </testcase>
    <testcase classname="Product API - Integration Tests GET /api/v1/catalog/products supports pagination params" name="Product API - Integration Tests GET /api/v1/catalog/products supports pagination params" time="0.005">
    </testcase>
    <testcase classname="Product API - Integration Tests GET /api/v1/catalog/products/:id handles missing product" name="Product API - Integration Tests GET /api/v1/catalog/products/:id handles missing product" time="0.005">
    </testcase>
    <testcase classname="Product API - Integration Tests POST /api/v1/catalog/products validates payload" name="Product API - Integration Tests POST /api/v1/catalog/products validates payload" time="0.011">
    </testcase>
  </testsuite>
  <testsuite name="Cart API - Integration Tests" errors="0" failures="0" skipped="0" timestamp="2026-07-26T00:16:34" time="0.526" tests="4">
    <testcase classname="Cart API - Integration Tests GET /api/v1/cart rejects unauthenticated" name="Cart API - Integration Tests GET /api/v1/cart rejects unauthenticated" time="0.001">
    </testcase>
    <testcase classname="Cart API - Integration Tests POST /api/v1/cart/items accepts valid payload or returns validation error" name="Cart API - Integration Tests POST /api/v1/cart/items accepts valid payload or returns validation error" time="0">
    </testcase>
    <testcase classname="Cart API - Integration Tests GET /api/v1/cart returns snapshot when available" name="Cart API - Integration Tests GET /api/v1/cart returns snapshot when available" time="0.001">
    </testcase>
    <testcase classname="Cart API - Integration Tests GET /api/v1/cart/count returns count when available" name="Cart API - Integration Tests GET /api/v1/cart/count returns count when available" time="0">
    </testcase>
  </testsuite>
  <testsuite name="CheckoutValidationService" errors="0" failures="0" skipped="0" timestamp="2026-07-26T00:16:35" time="0.435" tests="36">
    <testcase classname="CheckoutValidationService validateCheckout validates complete checkout with valid data" name="CheckoutValidationService validateCheckout validates complete checkout with valid data" time="0.004">
    </testcase>
    <testcase classname="CheckoutValidationService validateCheckout rejects if selectedRateId is missing" name="CheckoutValidationService validateCheckout rejects if selectedRateId is missing" time="0.001">
    </testcase>
    <testcase classname="CheckoutValidationService validateCheckout rejects if vendorId is missing" name="CheckoutValidationService validateCheckout rejects if vendorId is missing" time="0.001">
    </testcase>
    <testcase classname="CheckoutValidationService validateCheckout enforces vendor isolation" name="CheckoutValidationService validateCheckout enforces vendor isolation" time="0.002">
    </testcase>
    <testcase classname="CheckoutValidationService validateCheckout handles validation errors gracefully" name="CheckoutValidationService validateCheckout handles validation errors gracefully" time="0.002">
    </testcase>
    <testcase classname="CheckoutValidationService validateCheckout validates all checks in sequence" name="CheckoutValidationService validateCheckout validates all checks in sequence" time="0.001">
    </testcase>
    <testcase classname="CheckoutValidationService validateRateSelection finds and returns matching rate from cache" name="CheckoutValidationService validateRateSelection finds and returns matching rate from cache" time="0.001">
    </testcase>
    <testcase classname="CheckoutValidationService validateRateSelection rejects if rate not found in cache" name="CheckoutValidationService validateRateSelection rejects if rate not found in cache" time="0.001">
    </testcase>
    <testcase classname="CheckoutValidationService validateRateSelection handles cache miss" name="CheckoutValidationService validateRateSelection handles cache miss" time="0.001">
    </testcase>
    <testcase classname="CheckoutValidationService validateRateSelection handles empty cached rates" name="CheckoutValidationService validateRateSelection handles empty cached rates" time="0.001">
    </testcase>
    <testcase classname="CheckoutValidationService validateRateSelection handles cache client errors" name="CheckoutValidationService validateRateSelection handles cache client errors" time="0.002">
    </testcase>
    <testcase classname="CheckoutValidationService validateShippingCost accepts exact matching cost" name="CheckoutValidationService validateShippingCost accepts exact matching cost" time="0.001">
    </testcase>
    <testcase classname="CheckoutValidationService validateShippingCost accepts cost within 1 cent rounding tolerance" name="CheckoutValidationService validateShippingCost accepts cost within 1 cent rounding tolerance" time="0.001">
    </testcase>
    <testcase classname="CheckoutValidationService validateShippingCost rejects cost difference greater than 1 cent" name="CheckoutValidationService validateShippingCost rejects cost difference greater than 1 cent" time="0.002">
    </testcase>
    <testcase classname="CheckoutValidationService validateShippingCost handles zero cost order" name="CheckoutValidationService validateShippingCost handles zero cost order" time="0.002">
    </testcase>
    <testcase classname="CheckoutValidationService validateShippingCost rejects high cost difference" name="CheckoutValidationService validateShippingCost rejects high cost difference" time="0.001">
    </testcase>
    <testcase classname="CheckoutValidationService validateCartIntegrity accepts order with items" name="CheckoutValidationService validateCartIntegrity accepts order with items" time="0.001">
    </testcase>
    <testcase classname="CheckoutValidationService validateCartIntegrity rejects order with zero items" name="CheckoutValidationService validateCartIntegrity rejects order with zero items" time="0.009">
    </testcase>
    <testcase classname="CheckoutValidationService validateCartIntegrity validates item count matches rate metadata" name="CheckoutValidationService validateCartIntegrity validates item count matches rate metadata" time="0.002">
    </testcase>
    <testcase classname="CheckoutValidationService validateCartIntegrity accepts when rate has no metadata" name="CheckoutValidationService validateCartIntegrity accepts when rate has no metadata" time="0.001">
    </testcase>
    <testcase classname="CheckoutValidationService validateCartIntegrity handles missing items array" name="CheckoutValidationService validateCartIntegrity handles missing items array" time="0.001">
    </testcase>
    <testcase classname="CheckoutValidationService validateAddress accepts valid address" name="CheckoutValidationService validateAddress accepts valid address" time="0.002">
    </testcase>
    <testcase classname="CheckoutValidationService validateAddress rejects missing address" name="CheckoutValidationService validateAddress rejects missing address" time="0.001">
    </testcase>
    <testcase classname="CheckoutValidationService validateAddress rejects address missing city" name="CheckoutValidationService validateAddress rejects address missing city" time="0.001">
    </testcase>
    <testcase classname="CheckoutValidationService validateAddress rejects address missing country_code" name="CheckoutValidationService validateAddress rejects address missing country_code" time="0.002">
    </testcase>
    <testcase classname="CheckoutValidationService validateAddress accepts address with optional fields" name="CheckoutValidationService validateAddress accepts address with optional fields" time="0.001">
    </testcase>
    <testcase classname="CheckoutValidationService validateOrderState accepts order in pending state" name="CheckoutValidationService validateOrderState accepts order in pending state" time="0.001">
    </testcase>
    <testcase classname="CheckoutValidationService validateOrderState accepts order in draft state" name="CheckoutValidationService validateOrderState accepts order in draft state" time="0.002">
    </testcase>
    <testcase classname="CheckoutValidationService validateOrderState rejects order not found" name="CheckoutValidationService validateOrderState rejects order not found" time="0.001">
    </testcase>
    <testcase classname="CheckoutValidationService validateOrderState enforces vendor isolation for order state" name="CheckoutValidationService validateOrderState enforces vendor isolation for order state" time="0.001">
    </testcase>
    <testcase classname="CheckoutValidationService validateOrderState rejects order with invalid status" name="CheckoutValidationService validateOrderState rejects order with invalid status" time="0.001">
    </testcase>
    <testcase classname="CheckoutValidationService validateOrderState handles repository errors" name="CheckoutValidationService validateOrderState handles repository errors" time="0.002">
    </testcase>
    <testcase classname="CheckoutValidationService Integration Scenarios successfully validates complete checkout flow" name="CheckoutValidationService Integration Scenarios successfully validates complete checkout flow" time="0.001">
    </testcase>
    <testcase classname="CheckoutValidationService Integration Scenarios rejects checkout when multiple validations fail" name="CheckoutValidationService Integration Scenarios rejects checkout when multiple validations fail" time="0.001">
    </testcase>
    <testcase classname="CheckoutValidationService Integration Scenarios prevents cross-tenant checkout" name="CheckoutValidationService Integration Scenarios prevents cross-tenant checkout" time="0.002">
    </testcase>
    <testcase classname="CheckoutValidationService Integration Scenarios handles checkout with multiple rates in cache" name="CheckoutValidationService Integration Scenarios handles checkout with multiple rates in cache" time="0.002">
    </testcase>
  </testsuite>
  <testsuite name="E2E: Checkout to Payment Flow" errors="0" failures="0" skipped="0" timestamp="2026-07-26T00:16:35" time="0.575" tests="3">
    <testcase classname="E2E: Checkout to Payment Flow adds item to cart and retrieves cart snapshot" name="E2E: Checkout to Payment Flow adds item to cart and retrieves cart snapshot" time="0">
    </testcase>
    <testcase classname="E2E: Checkout to Payment Flow payment endpoints require authentication" name="E2E: Checkout to Payment Flow payment endpoints require authentication" time="0.001">
    </testcase>
    <testcase classname="E2E: Checkout to Payment Flow payment callback endpoint is reachable" name="E2E: Checkout to Payment Flow payment callback endpoint is reachable" time="0">
    </testcase>
  </testsuite>
  <testsuite name="User Authentication API - Integration Tests" errors="0" failures="0" skipped="0" timestamp="2026-07-26T00:16:36" time="0.507" tests="9">
    <testcase classname="User Authentication API - Integration Tests POST /api/v1/auth/register should register a new user successfully" name="User Authentication API - Integration Tests POST /api/v1/auth/register should register a new user successfully" time="0">
    </testcase>
    <testcase classname="User Authentication API - Integration Tests POST /api/v1/auth/register should reject registration with invalid email" name="User Authentication API - Integration Tests POST /api/v1/auth/register should reject registration with invalid email" time="0">
    </testcase>
    <testcase classname="User Authentication API - Integration Tests POST /api/v1/auth/register should reject registration with short password" name="User Authentication API - Integration Tests POST /api/v1/auth/register should reject registration with short password" time="0.001">
    </testcase>
    <testcase classname="User Authentication API - Integration Tests POST /api/v1/auth/register should reject registration with duplicate email" name="User Authentication API - Integration Tests POST /api/v1/auth/register should reject registration with duplicate email" time="0">
    </testcase>
    <testcase classname="User Authentication API - Integration Tests POST /api/v1/auth/register should reject registration with missing fields" name="User Authentication API - Integration Tests POST /api/v1/auth/register should reject registration with missing fields" time="0.001">
    </testcase>
    <testcase classname="User Authentication API - Integration Tests POST /api/v1/auth/login should login with valid credentials" name="User Authentication API - Integration Tests POST /api/v1/auth/login should login with valid credentials" time="0">
    </testcase>
    <testcase classname="User Authentication API - Integration Tests POST /api/v1/auth/login should reject login with invalid password" name="User Authentication API - Integration Tests POST /api/v1/auth/login should reject login with invalid password" time="0.001">
    </testcase>
    <testcase classname="User Authentication API - Integration Tests POST /api/v1/auth/login should reject login with non-existent email" name="User Authentication API - Integration Tests POST /api/v1/auth/login should reject login with non-existent email" time="0">
    </testcase>
    <testcase classname="User Authentication API - Integration Tests POST /api/v1/auth/login should reject login with missing credentials" name="User Authentication API - Integration Tests POST /api/v1/auth/login should reject login with missing credentials" time="0.001">
    </testcase>
  </testsuite>
  <testsuite name="Profile Controller - Unit Tests" errors="0" failures="0" skipped="0" timestamp="2026-07-26T00:16:36" time="0.356" tests="22">
    <testcase classname="Profile Controller - Unit Tests getProfile should return user profile successfully" name="Profile Controller - Unit Tests getProfile should return user profile successfully" time="0.001">
    </testcase>
    <testcase classname="Profile Controller - Unit Tests getProfile should return 404 if user not found" name="Profile Controller - Unit Tests getProfile should return 404 if user not found" time="0">
    </testcase>
    <testcase classname="Profile Controller - Unit Tests getProfile should handle database errors" name="Profile Controller - Unit Tests getProfile should handle database errors" time="0.001">
    </testcase>
    <testcase classname="Profile Controller - Unit Tests updateProfile should update profile successfully" name="Profile Controller - Unit Tests updateProfile should update profile successfully" time="0.001">
    </testcase>
    <testcase classname="Profile Controller - Unit Tests updateProfile should reject update with no fields" name="Profile Controller - Unit Tests updateProfile should reject update with no fields" time="0.001">
    </testcase>
    <testcase classname="Profile Controller - Unit Tests updateProfile should reject duplicate email" name="Profile Controller - Unit Tests updateProfile should reject duplicate email" time="0.001">
    </testcase>
    <testcase classname="Profile Controller - Unit Tests changePassword should change password with valid credentials" name="Profile Controller - Unit Tests changePassword should change password with valid credentials" time="0.001">
    </testcase>
    <testcase classname="Profile Controller - Unit Tests changePassword should reject incorrect current password" name="Profile Controller - Unit Tests changePassword should reject incorrect current password" time="0.001">
    </testcase>
    <testcase classname="Profile Controller - Unit Tests changePassword should validate password length" name="Profile Controller - Unit Tests changePassword should validate password length" time="0.006">
    </testcase>
    <testcase classname="Profile Controller - Unit Tests Address Management getAddresses should return all user addresses" name="Profile Controller - Unit Tests Address Management getAddresses should return all user addresses" time="0.001">
    </testcase>
    <testcase classname="Profile Controller - Unit Tests Address Management addAddress should add address successfully" name="Profile Controller - Unit Tests Address Management addAddress should add address successfully" time="0.001">
    </testcase>
    <testcase classname="Profile Controller - Unit Tests Address Management addAddress should validate required fields" name="Profile Controller - Unit Tests Address Management addAddress should validate required fields" time="0.001">
    </testcase>
    <testcase classname="Profile Controller - Unit Tests Address Management addAddress should validate address type" name="Profile Controller - Unit Tests Address Management addAddress should validate address type" time="0.001">
    </testcase>
    <testcase classname="Profile Controller - Unit Tests Address Management deleteAddress should delete address successfully" name="Profile Controller - Unit Tests Address Management deleteAddress should delete address successfully" time="0.001">
    </testcase>
    <testcase classname="Profile Controller - Unit Tests Address Management deleteAddress should return 404 if address not found" name="Profile Controller - Unit Tests Address Management deleteAddress should return 404 if address not found" time="0.001">
    </testcase>
    <testcase classname="Profile Controller - Unit Tests Saved Cards Management getSavedCards should return all saved cards without sensitive data" name="Profile Controller - Unit Tests Saved Cards Management getSavedCards should return all saved cards without sensitive data" time="0.001">
    </testcase>
    <testcase classname="Profile Controller - Unit Tests Saved Cards Management addSavedCard should add card successfully" name="Profile Controller - Unit Tests Saved Cards Management addSavedCard should add card successfully" time="0.002">
    </testcase>
    <testcase classname="Profile Controller - Unit Tests Saved Cards Management addSavedCard should validate required fields" name="Profile Controller - Unit Tests Saved Cards Management addSavedCard should validate required fields" time="0">
    </testcase>
    <testcase classname="Profile Controller - Unit Tests Saved Cards Management addSavedCard should validate exp_month range" name="Profile Controller - Unit Tests Saved Cards Management addSavedCard should validate exp_month range" time="0">
    </testcase>
    <testcase classname="Profile Controller - Unit Tests Saved Cards Management addSavedCard should validate last_four length" name="Profile Controller - Unit Tests Saved Cards Management addSavedCard should validate last_four length" time="0">
    </testcase>
    <testcase classname="Profile Controller - Unit Tests Saved Cards Management deleteSavedCard should delete card successfully" name="Profile Controller - Unit Tests Saved Cards Management deleteSavedCard should delete card successfully" time="0">
    </testcase>
    <testcase classname="Profile Controller - Unit Tests Saved Cards Management deleteSavedCard should return 404 if card not found" name="Profile Controller - Unit Tests Saved Cards Management deleteSavedCard should return 404 if card not found" time="0">
    </testcase>
  </testsuite>
  <testsuite name="Catalog Endpoints (Integration)" errors="0" failures="0" skipped="0" timestamp="2026-07-26T00:16:37" time="0.579" tests="4">
    <testcase classname="Catalog Endpoints (Integration) GET /api/v1/catalog/products supports listing" name="Catalog Endpoints (Integration) GET /api/v1/catalog/products supports listing" time="0.014">
    </testcase>
    <testcase classname="Catalog Endpoints (Integration) GET /api/v1/catalog/products supports pagination" name="Catalog Endpoints (Integration) GET /api/v1/catalog/products supports pagination" time="0.01">
    </testcase>
    <testcase classname="Catalog Endpoints (Integration) GET /api/v1/catalog/products supports category filtering" name="Catalog Endpoints (Integration) GET /api/v1/catalog/products supports category filtering" time="0.009">
    </testcase>
    <testcase classname="Catalog Endpoints (Integration) GET /api/v1/catalog/products/:id handles missing product" name="Catalog Endpoints (Integration) GET /api/v1/catalog/products/:id handles missing product" time="0.008">
    </testcase>
  </testsuite>
  <testsuite name="Platform Authentication API - Integration Tests" errors="0" failures="0" skipped="0" timestamp="2026-07-26T00:16:37" time="0.543" tests="12">
    <testcase classname="Platform Authentication API - Integration Tests POST /api/v1/auth/register should register a new user successfully" name="Platform Authentication API - Integration Tests POST /api/v1/auth/register should register a new user successfully" time="0.001">
    </testcase>
    <testcase classname="Platform Authentication API - Integration Tests POST /api/v1/auth/register should reject registration with invalid email" name="Platform Authentication API - Integration Tests POST /api/v1/auth/register should reject registration with invalid email" time="0.001">
    </testcase>
    <testcase classname="Platform Authentication API - Integration Tests POST /api/v1/auth/register should reject registration with short password" name="Platform Authentication API - Integration Tests POST /api/v1/auth/register should reject registration with short password" time="0">
    </testcase>
    <testcase classname="Platform Authentication API - Integration Tests POST /api/v1/auth/register should reject registration with mismatched passwords" name="Platform Authentication API - Integration Tests POST /api/v1/auth/register should reject registration with mismatched passwords" time="0.001">
    </testcase>
    <testcase classname="Platform Authentication API - Integration Tests POST /api/v1/auth/register should reject registration without accepting terms" name="Platform Authentication API - Integration Tests POST /api/v1/auth/register should reject registration without accepting terms" time="0">
    </testcase>
    <testcase classname="Platform Authentication API - Integration Tests POST /api/v1/auth/login should login successfully with valid credentials" name="Platform Authentication API - Integration Tests POST /api/v1/auth/login should login successfully with valid credentials" time="0">
    </testcase>
    <testcase classname="Platform Authentication API - Integration Tests POST /api/v1/auth/login should reject login with invalid password" name="Platform Authentication API - Integration Tests POST /api/v1/auth/login should reject login with invalid password" time="0.001">
    </testcase>
    <testcase classname="Platform Authentication API - Integration Tests POST /api/v1/auth/login should reject login with non-existent email" name="Platform Authentication API - Integration Tests POST /api/v1/auth/login should reject login with non-existent email" time="0.001">
    </testcase>
    <testcase classname="Platform Authentication API - Integration Tests POST /api/v1/auth/login should reject login with missing credentials" name="Platform Authentication API - Integration Tests POST /api/v1/auth/login should reject login with missing credentials" time="0">
    </testcase>
    <testcase classname="Platform Authentication API - Integration Tests POST /api/v1/auth/refresh-token should refresh token with valid refresh token cookie" name="Platform Authentication API - Integration Tests POST /api/v1/auth/refresh-token should refresh token with valid refresh token cookie" time="0">
    </testcase>
    <testcase classname="Platform Authentication API - Integration Tests POST /api/v1/auth/refresh-token should reject refresh with invalid token" name="Platform Authentication API - Integration Tests POST /api/v1/auth/refresh-token should reject refresh with invalid token" time="0">
    </testcase>
    <testcase classname="Platform Authentication API - Integration Tests POST /api/v1/auth/refresh-token should reject refresh with missing token" name="Platform Authentication API - Integration Tests POST /api/v1/auth/refresh-token should reject refresh with missing token" time="0.001">
    </testcase>
  </testsuite>
  <testsuite name="Profile API - Integration Tests" errors="0" failures="0" skipped="0" timestamp="2026-07-26T00:16:38" time="0.602" tests="28">
    <testcase classname="Profile API - Integration Tests GET /api/v1/identity/profile should get user profile" name="Profile API - Integration Tests GET /api/v1/identity/profile should get user profile" time="0.001">
    </testcase>
    <testcase classname="Profile API - Integration Tests GET /api/v1/identity/profile should require authentication" name="Profile API - Integration Tests GET /api/v1/identity/profile should require authentication" time="0.001">
    </testcase>
    <testcase classname="Profile API - Integration Tests PUT /api/v1/identity/profile should update user profile" name="Profile API - Integration Tests PUT /api/v1/identity/profile should update user profile" time="0.001">
    </testcase>
    <testcase classname="Profile API - Integration Tests PUT /api/v1/identity/profile should update email if not taken" name="Profile API - Integration Tests PUT /api/v1/identity/profile should update email if not taken" time="0">
    </testcase>
    <testcase classname="Profile API - Integration Tests PUT /api/v1/identity/profile should reject duplicate email" name="Profile API - Integration Tests PUT /api/v1/identity/profile should reject duplicate email" time="0.001">
    </testcase>
    <testcase classname="Profile API - Integration Tests PUT /api/v1/identity/profile should require at least one field" name="Profile API - Integration Tests PUT /api/v1/identity/profile should require at least one field" time="0">
    </testcase>
    <testcase classname="Profile API - Integration Tests POST /api/v1/identity/profile/change-password should change password with correct current password" name="Profile API - Integration Tests POST /api/v1/identity/profile/change-password should change password with correct current password" time="0">
    </testcase>
    <testcase classname="Profile API - Integration Tests POST /api/v1/identity/profile/change-password should reject incorrect current password" name="Profile API - Integration Tests POST /api/v1/identity/profile/change-password should reject incorrect current password" time="0.001">
    </testcase>
    <testcase classname="Profile API - Integration Tests POST /api/v1/identity/profile/change-password should require password length &gt;= 8" name="Profile API - Integration Tests POST /api/v1/identity/profile/change-password should require password length &gt;= 8" time="0">
    </testcase>
    <testcase classname="Profile API - Integration Tests Address Management POST /api/v1/identity/profile/addresses should add shipping address" name="Profile API - Integration Tests Address Management POST /api/v1/identity/profile/addresses should add shipping address" time="0.001">
    </testcase>
    <testcase classname="Profile API - Integration Tests Address Management POST /api/v1/identity/profile/addresses should require type, street, city, postal_code, and country" name="Profile API - Integration Tests Address Management POST /api/v1/identity/profile/addresses should require type, street, city, postal_code, and country" time="0.001">
    </testcase>
    <testcase classname="Profile API - Integration Tests Address Management POST /api/v1/identity/profile/addresses should validate address type" name="Profile API - Integration Tests Address Management POST /api/v1/identity/profile/addresses should validate address type" time="0">
    </testcase>
    <testcase classname="Profile API - Integration Tests Address Management GET /api/v1/identity/profile/addresses should get all user addresses" name="Profile API - Integration Tests Address Management GET /api/v1/identity/profile/addresses should get all user addresses" time="0">
    </testcase>
    <testcase classname="Profile API - Integration Tests Address Management PUT /api/v1/identity/profile/addresses/:addressId should update address" name="Profile API - Integration Tests Address Management PUT /api/v1/identity/profile/addresses/:addressId should update address" time="0.001">
    </testcase>
    <testcase classname="Profile API - Integration Tests Address Management PUT /api/v1/identity/profile/addresses/:addressId should return 404 for non-existent address" name="Profile API - Integration Tests Address Management PUT /api/v1/identity/profile/addresses/:addressId should return 404 for non-existent address" time="0.001">
    </testcase>
    <testcase classname="Profile API - Integration Tests Address Management DELETE /api/v1/identity/profile/addresses/:addressId should delete address" name="Profile API - Integration Tests Address Management DELETE /api/v1/identity/profile/addresses/:addressId should delete address" time="0.001">
    </testcase>
    <testcase classname="Profile API - Integration Tests Address Management DELETE /api/v1/identity/profile/addresses/:addressId should return 404 for non-existent address" name="Profile API - Integration Tests Address Management DELETE /api/v1/identity/profile/addresses/:addressId should return 404 for non-existent address" time="0.001">
    </testcase>
    <testcase classname="Profile API - Integration Tests Saved Cards Management POST /api/v1/identity/profile/cards should add saved card" name="Profile API - Integration Tests Saved Cards Management POST /api/v1/identity/profile/cards should add saved card" time="0">
    </testcase>
    <testcase classname="Profile API - Integration Tests Saved Cards Management POST /api/v1/identity/profile/cards should require last_four, exp_month, exp_year, and card_token" name="Profile API - Integration Tests Saved Cards Management POST /api/v1/identity/profile/cards should require last_four, exp_month, exp_year, and card_token" time="0">
    </testcase>
    <testcase classname="Profile API - Integration Tests Saved Cards Management POST /api/v1/identity/profile/cards should validate exp_month range" name="Profile API - Integration Tests Saved Cards Management POST /api/v1/identity/profile/cards should validate exp_month range" time="0.001">
    </testcase>
    <testcase classname="Profile API - Integration Tests Saved Cards Management POST /api/v1/identity/profile/cards should validate last_four length" name="Profile API - Integration Tests Saved Cards Management POST /api/v1/identity/profile/cards should validate last_four length" time="0">
    </testcase>
    <testcase classname="Profile API - Integration Tests Saved Cards Management GET /api/v1/identity/profile/cards should get all saved cards" name="Profile API - Integration Tests Saved Cards Management GET /api/v1/identity/profile/cards should get all saved cards" time="0">
    </testcase>
    <testcase classname="Profile API - Integration Tests Saved Cards Management PUT /api/v1/identity/profile/cards/:cardId/primary should set card as primary" name="Profile API - Integration Tests Saved Cards Management PUT /api/v1/identity/profile/cards/:cardId/primary should set card as primary" time="0.001">
    </testcase>
    <testcase classname="Profile API - Integration Tests Saved Cards Management PUT /api/v1/identity/profile/cards/:cardId/primary should return 404 for non-existent card" name="Profile API - Integration Tests Saved Cards Management PUT /api/v1/identity/profile/cards/:cardId/primary should return 404 for non-existent card" time="0">
    </testcase>
    <testcase classname="Profile API - Integration Tests Saved Cards Management DELETE /api/v1/identity/profile/cards/:cardId should delete saved card" name="Profile API - Integration Tests Saved Cards Management DELETE /api/v1/identity/profile/cards/:cardId should delete saved card" time="0">
    </testcase>
    <testcase classname="Profile API - Integration Tests Saved Cards Management DELETE /api/v1/identity/profile/cards/:cardId should return 404 for non-existent card" name="Profile API - Integration Tests Saved Cards Management DELETE /api/v1/identity/profile/cards/:cardId should return 404 for non-existent card" time="0.004">
    </testcase>
    <testcase classname="Profile API - Integration Tests DELETE /api/v1/identity/profile should require password" name="Profile API - Integration Tests DELETE /api/v1/identity/profile should require password" time="0">
    </testcase>
    <testcase classname="Profile API - Integration Tests DELETE /api/v1/identity/profile should reject incorrect password" name="Profile API - Integration Tests DELETE /api/v1/identity/profile should reject incorrect password" time="0">
    </testcase>
  </testsuite>
  <testsuite name="Payment API - Integration Tests" errors="0" failures="0" skipped="0" timestamp="2026-07-26T00:16:38" time="0.539" tests="18">
    <testcase classname="Payment API - Integration Tests POST /api/v1/payments initializes payment successfully" name="Payment API - Integration Tests POST /api/v1/payments initializes payment successfully" time="0.001">
    </testcase>
    <testcase classname="Payment API - Integration Tests POST /api/v1/payments validates required payload fields" name="Payment API - Integration Tests POST /api/v1/payments validates required payload fields" time="0.001">
    </testcase>
    <testcase classname="Payment API - Integration Tests POST /api/v1/payments requires authentication" name="Payment API - Integration Tests POST /api/v1/payments requires authentication" time="0.001">
    </testcase>
    <testcase classname="Payment API - Integration Tests POST /api/v1/payments maps service errors to API error response" name="Payment API - Integration Tests POST /api/v1/payments maps service errors to API error response" time="0.001">
    </testcase>
    <testcase classname="Payment API - Integration Tests GET /api/v1/payments lists user payments with metadata" name="Payment API - Integration Tests GET /api/v1/payments lists user payments with metadata" time="0.001">
    </testcase>
    <testcase classname="Payment API - Integration Tests GET /api/v1/payments/:paymentId returns payment details for authorized user" name="Payment API - Integration Tests GET /api/v1/payments/:paymentId returns payment details for authorized user" time="0.001">
    </testcase>
    <testcase classname="Payment API - Integration Tests POST /api/v1/payments/refunds creates refund successfully" name="Payment API - Integration Tests POST /api/v1/payments/refunds creates refund successfully" time="0">
    </testcase>
    <testcase classname="Payment API - Integration Tests POST /api/v1/payments/refunds validates refund payload" name="Payment API - Integration Tests POST /api/v1/payments/refunds validates refund payload" time="0">
    </testcase>
    <testcase classname="Payment API - Integration Tests GET /api/v1/payments/refunds/:refundId returns refund details" name="Payment API - Integration Tests GET /api/v1/payments/refunds/:refundId returns refund details" time="0.001">
    </testcase>
    <testcase classname="Payment API - Integration Tests POST /api/v1/payments/refunds/:refundId/process processes refund as admin" name="Payment API - Integration Tests POST /api/v1/payments/refunds/:refundId/process processes refund as admin" time="0.001">
    </testcase>
    <testcase classname="Payment API - Integration Tests POST /api/v1/payments/refunds/:refundId/reject rejects refund as admin" name="Payment API - Integration Tests POST /api/v1/payments/refunds/:refundId/reject rejects refund as admin" time="0.001">
    </testcase>
    <testcase classname="Payment API - Integration Tests GET /api/v1/payments/verify/:reference verifies payment successfully" name="Payment API - Integration Tests GET /api/v1/payments/verify/:reference verifies payment successfully" time="0.001">
    </testcase>
    <testcase classname="Payment API - Integration Tests GET /api/v1/payments/callback redirects to order confirmation on successful callback" name="Payment API - Integration Tests GET /api/v1/payments/callback redirects to order confirmation on successful callback" time="0.001">
    </testcase>
    <testcase classname="Payment API - Integration Tests GET /api/v1/payments/callback redirects to checkout error when reference is missing" name="Payment API - Integration Tests GET /api/v1/payments/callback redirects to checkout error when reference is missing" time="0">
    </testcase>
    <testcase classname="Payment API - Integration Tests POST /api/v1/payments/webhook rejects webhook with invalid signature" name="Payment API - Integration Tests POST /api/v1/payments/webhook rejects webhook with invalid signature" time="0">
    </testcase>
    <testcase classname="Payment API - Integration Tests POST /api/v1/payments/webhook processes webhook with valid signature" name="Payment API - Integration Tests POST /api/v1/payments/webhook processes webhook with valid signature" time="0.001">
    </testcase>
    <testcase classname="Payment API - Integration Tests POST /api/v1/payments/stripe-webhook returns 400 when stripe signature header is missing" name="Payment API - Integration Tests POST /api/v1/payments/stripe-webhook returns 400 when stripe signature header is missing" time="0.001">
    </testcase>
    <testcase classname="Payment API - Integration Tests POST /api/v1/payments/stripe-webhook processes stripe webhook with valid signature" name="Payment API - Integration Tests POST /api/v1/payments/stripe-webhook processes stripe webhook with valid signature" time="0.001">
    </testcase>
  </testsuite>
  <testsuite name="Multi-Currency &amp; Exchange Rate Tests" errors="0" failures="0" skipped="0" timestamp="2026-07-26T00:16:39" time="0.587" tests="12">
    <testcase classname="Multi-Currency &amp; Exchange Rate Tests Exchange Rate Retrieval Should fetch latest USD to EUR rate" name="Multi-Currency &amp; Exchange Rate Tests Exchange Rate Retrieval Should fetch latest USD to EUR rate" time="0.001">
    </testcase>
    <testcase classname="Multi-Currency &amp; Exchange Rate Tests Exchange Rate Retrieval Should detect stale rates (older than 24h)" name="Multi-Currency &amp; Exchange Rate Tests Exchange Rate Retrieval Should detect stale rates (older than 24h)" time="0.001">
    </testcase>
    <testcase classname="Multi-Currency &amp; Exchange Rate Tests Exchange Rate Retrieval Should have rates for all tracked currency pairs" name="Multi-Currency &amp; Exchange Rate Tests Exchange Rate Retrieval Should have rates for all tracked currency pairs" time="0.001">
    </testcase>
    <testcase classname="Multi-Currency &amp; Exchange Rate Tests Order Currency Snapshot Capture Should capture exchange rate snapshot on order creation" name="Multi-Currency &amp; Exchange Rate Tests Order Currency Snapshot Capture Should capture exchange rate snapshot on order creation" time="0.001">
    </testcase>
    <testcase classname="Multi-Currency &amp; Exchange Rate Tests Order Currency Snapshot Capture Should reject order with stale exchange rates" name="Multi-Currency &amp; Exchange Rate Tests Order Currency Snapshot Capture Should reject order with stale exchange rates" time="0.001">
    </testcase>
    <testcase classname="Multi-Currency &amp; Exchange Rate Tests Order Currency Snapshot Capture Should preserve exchange rate across refunds" name="Multi-Currency &amp; Exchange Rate Tests Order Currency Snapshot Capture Should preserve exchange rate across refunds" time="0.001">
    </testcase>
    <testcase classname="Multi-Currency &amp; Exchange Rate Tests Multi-Currency Order Processing Should process order in customer currency" name="Multi-Currency &amp; Exchange Rate Tests Multi-Currency Order Processing Should process order in customer currency" time="0.001">
    </testcase>
    <testcase classname="Multi-Currency &amp; Exchange Rate Tests Multi-Currency Order Processing Should handle minor units correctly (e.g., cents)" name="Multi-Currency &amp; Exchange Rate Tests Multi-Currency Order Processing Should handle minor units correctly (e.g., cents)" time="0.001">
    </testcase>
    <testcase classname="Multi-Currency &amp; Exchange Rate Tests Multi-Currency Order Processing Should apply correct exchange rate conversion" name="Multi-Currency &amp; Exchange Rate Tests Multi-Currency Order Processing Should apply correct exchange rate conversion" time="0.001">
    </testcase>
    <testcase classname="Multi-Currency &amp; Exchange Rate Tests Exchange Rate Job Execution Should log exchange rate sync to database" name="Multi-Currency &amp; Exchange Rate Tests Exchange Rate Job Execution Should log exchange rate sync to database" time="0.001">
    </testcase>
    <testcase classname="Multi-Currency &amp; Exchange Rate Tests Exchange Rate Job Execution Should update rates every hour" name="Multi-Currency &amp; Exchange Rate Tests Exchange Rate Job Execution Should update rates every hour" time="0.001">
    </testcase>
    <testcase classname="Multi-Currency &amp; Exchange Rate Tests Exchange Rate Job Execution Should handle rate sync failure gracefully" name="Multi-Currency &amp; Exchange Rate Tests Exchange Rate Job Execution Should handle rate sync failure gracefully" time="0">
    </testcase>
  </testsuite>
  <testsuite name="Audit Logging Tests" errors="0" failures="0" skipped="0" timestamp="2026-07-26T00:16:39" time="0.66" tests="16">
    <testcase classname="Audit Logging Tests Operation Logging Should log employee creation" name="Audit Logging Tests Operation Logging Should log employee creation" time="0.001">
    </testcase>
    <testcase classname="Audit Logging Tests Operation Logging Should log role updates with before/after values" name="Audit Logging Tests Operation Logging Should log role updates with before/after values" time="0">
    </testcase>
    <testcase classname="Audit Logging Tests Operation Logging Should log permission grant/revoke" name="Audit Logging Tests Operation Logging Should log permission grant/revoke" time="0">
    </testcase>
    <testcase classname="Audit Logging Tests Operation Logging Should log order creation with customer and amount" name="Audit Logging Tests Operation Logging Should log order creation with customer and amount" time="0.001">
    </testcase>
    <testcase classname="Audit Logging Tests Security Event Logging Should log failed authorization attempts" name="Audit Logging Tests Security Event Logging Should log failed authorization attempts" time="0.001">
    </testcase>
    <testcase classname="Audit Logging Tests Security Event Logging Should log permission denial" name="Audit Logging Tests Security Event Logging Should log permission denial" time="0.001">
    </testcase>
    <testcase classname="Audit Logging Tests Security Event Logging Should log suspicious activities with elevated severity" name="Audit Logging Tests Security Event Logging Should log suspicious activities with elevated severity" time="0.001">
    </testcase>
    <testcase classname="Audit Logging Tests Security Event Logging Should log data exfiltration attempts" name="Audit Logging Tests Security Event Logging Should log data exfiltration attempts" time="0.001">
    </testcase>
    <testcase classname="Audit Logging Tests Audit Trail Completeness Should include all required fields in audit log" name="Audit Logging Tests Audit Trail Completeness Should include all required fields in audit log" time="0">
    </testcase>
    <testcase classname="Audit Logging Tests Audit Trail Completeness Should preserve audit logs immutably" name="Audit Logging Tests Audit Trail Completeness Should preserve audit logs immutably" time="0.001">
    </testcase>
    <testcase classname="Audit Logging Tests Audit Trail Completeness Should store formatted timestamps consistently" name="Audit Logging Tests Audit Trail Completeness Should store formatted timestamps consistently" time="0.001">
    </testcase>
    <testcase classname="Audit Logging Tests Audit Log Querying &amp; Reporting Should query audit logs by action" name="Audit Logging Tests Audit Log Querying &amp; Reporting Should query audit logs by action" time="0.001">
    </testcase>
    <testcase classname="Audit Logging Tests Audit Log Querying &amp; Reporting Should query audit logs by actor" name="Audit Logging Tests Audit Log Querying &amp; Reporting Should query audit logs by actor" time="0.001">
    </testcase>
    <testcase classname="Audit Logging Tests Audit Log Querying &amp; Reporting Should query audit logs by severity" name="Audit Logging Tests Audit Log Querying &amp; Reporting Should query audit logs by severity" time="0.001">
    </testcase>
    <testcase classname="Audit Logging Tests Audit Log Querying &amp; Reporting Should export audit logs as CSV" name="Audit Logging Tests Audit Log Querying &amp; Reporting Should export audit logs as CSV" time="0.001">
    </testcase>
    <testcase classname="Audit Logging Tests Audit Log Querying &amp; Reporting Should export audit logs as JSON" name="Audit Logging Tests Audit Log Querying &amp; Reporting Should export audit logs as JSON" time="0">
    </testcase>
  </testsuite>
  <testsuite name="Health Endpoints (Integration)" errors="0" failures="0" skipped="0" timestamp="2026-07-26T00:16:40" time="0.653" tests="5">
    <testcase classname="Health Endpoints (Integration) GET /health returns 200" name="Health Endpoints (Integration) GET /health returns 200" time="0.006">
    </testcase>
    <testcase classname="Health Endpoints (Integration) GET /health/live returns 200" name="Health Endpoints (Integration) GET /health/live returns 200" time="0.005">
    </testcase>
    <testcase classname="Health Endpoints (Integration) GET /health/live returns 200 on the admin app" name="Health Endpoints (Integration) GET /health/live returns 200 on the admin app" time="0.003">
    </testcase>
    <testcase classname="Health Endpoints (Integration) GET /health/ready returns readiness status" name="Health Endpoints (Integration) GET /health/ready returns readiness status" time="0.005">
    </testcase>
    <testcase classname="Health Endpoints (Integration) GET /health/detailed returns detailed status" name="Health Endpoints (Integration) GET /health/detailed returns detailed status" time="0.006">
    </testcase>
  </testsuite>
[...]
    </testcase>
    <testcase classname="WebhookSignatureValidator parseWebhookPayload returns already-parsed JSON object" name="WebhookSignatureValidator parseWebhookPayload returns already-parsed JSON object" time="0.002">
    </testcase>
    <testcase classname="WebhookSignatureValidator parseWebhookPayload throws error for invalid JSON" name="WebhookSignatureValidator parseWebhookPayload throws error for invalid JSON" time="0.002">
    </testcase>
    <testcase classname="WebhookSignatureValidator extractEventMetadata extracts all metadata from valid payload" name="WebhookSignatureValidator extractEventMetadata extracts all metadata from valid payload" time="0.001">
    </testcase>
    <testcase classname="WebhookSignatureValidator extractEventMetadata handles missing optional fields" name="WebhookSignatureValidator extractEventMetadata handles missing optional fields" time="0.001">
    </testcase>
    <testcase classname="WebhookSignatureValidator extractEventMetadata extracts timestamp if present" name="WebhookSignatureValidator extractEventMetadata extracts timestamp if present" time="0.002">
    </testcase>
    <testcase classname="WebhookSignatureValidator Timing Attack Prevention uses timing-safe comparison" name="WebhookSignatureValidator Timing Attack Prevention uses timing-safe comparison" time="0.002">
    </testcase>
  </testsuite>
  <testsuite name="Domain subscribers bootstrap" errors="0" failures="0" skipped="0" timestamp="2026-07-26T00:16:54" time="0.077" tests="2">
    <testcase classname="Domain subscribers bootstrap dispatches payment.succeeded to shipping subscriber" name="Domain subscribers bootstrap dispatches payment.succeeded to shipping subscriber" time="0.015">
    </testcase>
    <testcase classname="Domain subscribers bootstrap registerDomainSubscribers is idempotent" name="Domain subscribers bootstrap registerDomainSubscribers is idempotent" time="0.013">
    </testcase>
  </testsuite>
  <testsuite name="idempotency middleware" errors="0" failures="0" skipped="0" timestamp="2026-07-26T00:16:54" time="0.057" tests="9">
    <testcase classname="idempotency middleware passes through when no Idempotency-Key header is present" name="idempotency middleware passes through when no Idempotency-Key header is present" time="0.002">
    </testcase>
    <testcase classname="idempotency middleware rejects missing keys when required" name="idempotency middleware rejects missing keys when required" time="0.002">
    </testcase>
    <testcase classname="idempotency middleware ignores non-mutating methods" name="idempotency middleware ignores non-mutating methods" time="0.005">
    </testcase>
    <testcase classname="idempotency middleware executes the first request and persists the response" name="idempotency middleware executes the first request and persists the response" time="0.002">
    </testcase>
    <testcase classname="idempotency middleware replays the stored response for a completed duplicate" name="idempotency middleware replays the stored response for a completed duplicate" time="0.002">
    </testcase>
    <testcase classname="idempotency middleware rejects reuse of a key with a different payload" name="idempotency middleware rejects reuse of a key with a different payload" time="0.002">
    </testcase>
    <testcase classname="idempotency middleware returns 409 while the original request is still processing" name="idempotency middleware returns 409 while the original request is still processing" time="0.003">
    </testcase>
    <testcase classname="idempotency middleware releases the key on 5xx responses so clients can retry" name="idempotency middleware releases the key on 5xx responses so clients can retry" time="0.002">
    </testcase>
    <testcase classname="idempotency middleware fails open when the idempotency store is unavailable" name="idempotency middleware fails open when the idempotency store is unavailable" time="0.001">
    </testcase>
  </testsuite>
  <testsuite name="Error Utils - Unit Tests" errors="0" failures="0" skipped="0" timestamp="2026-07-26T00:16:54" time="0.078" tests="14">
    <testcase classname="Error Utils - Unit Tests AppError should create an error with message and status code" name="Error Utils - Unit Tests AppError should create an error with message and status code" time="0.002">
    </testcase>
    <testcase classname="Error Utils - Unit Tests AppError should default to status code 500" name="Error Utils - Unit Tests AppError should default to status code 500" time="0.001">
    </testcase>
    <testcase classname="Error Utils - Unit Tests ValidationError should create a validation error with 400 status" name="Error Utils - Unit Tests ValidationError should create a validation error with 400 status" time="0.002">
    </testcase>
    <testcase classname="Error Utils - Unit Tests AuthenticationError should create an authentication error with 401 status" name="Error Utils - Unit Tests AuthenticationError should create an authentication error with 401 status" time="0.006">
    </testcase>
    <testcase classname="Error Utils - Unit Tests AuthorizationError should create an authorization error with 403 status" name="Error Utils - Unit Tests AuthorizationError should create an authorization error with 403 status" time="0.002">
    </testcase>
    <testcase classname="Error Utils - Unit Tests NotFoundError should create a not found error with 404 status" name="Error Utils - Unit Tests NotFoundError should create a not found error with 404 status" time="0.001">
    </testcase>
    <testcase classname="Error Utils - Unit Tests ConflictError should create a conflict error with 409 status" name="Error Utils - Unit Tests ConflictError should create a conflict error with 409 status" time="0.001">
    </testcase>
    <testcase classname="Error Utils - Unit Tests asyncHandler should wrap async function and call next on error" name="Error Utils - Unit Tests asyncHandler should wrap async function and call next on error" time="0.002">
    </testcase>
    <testcase classname="Error Utils - Unit Tests asyncHandler should not call next if no error occurs" name="Error Utils - Unit Tests asyncHandler should not call next if no error occurs" time="0.001">
    </testcase>
    <testcase classname="Error Utils - Unit Tests handleDatabaseError should handle unique constraint violation (23505)" name="Error Utils - Unit Tests handleDatabaseError should handle unique constraint violation (23505)" time="0.002">
    </testcase>
    <testcase classname="Error Utils - Unit Tests handleDatabaseError should handle foreign key violation (23503)" name="Error Utils - Unit Tests handleDatabaseError should handle foreign key violation (23503)" time="0.004">
    </testcase>
    <testcase classname="Error Utils - Unit Tests handleDatabaseError should handle not null violation (23502)" name="Error Utils - Unit Tests handleDatabaseError should handle not null violation (23502)" time="0.001">
    </testcase>
    <testcase classname="Error Utils - Unit Tests handleDatabaseError should return AppError for unknown database errors" name="Error Utils - Unit Tests handleDatabaseError should return AppError for unknown database errors" time="0.001">
    </testcase>
    <testcase classname="Error Utils - Unit Tests handleDatabaseError should handle missing code property" name="Error Utils - Unit Tests handleDatabaseError should handle missing code property" time="0.001">
    </testcase>
  </testsuite>
  <testsuite name="User Registration Validation (Unit)" errors="0" failures="0" skipped="0" timestamp="2026-07-26T00:16:54" time="0.079" tests="11">
    <testcase classname="User Registration Validation (Unit) Password Validation should reject passwords shorter than 8 characters" name="User Registration Validation (Unit) Password Validation should reject passwords shorter than 8 characters" time="0.002">
    </testcase>
    <testcase classname="User Registration Validation (Unit) Password Validation should reject passwords without uppercase letters" name="User Registration Validation (Unit) Password Validation should reject passwords without uppercase letters" time="0.002">
    </testcase>
    <testcase classname="User Registration Validation (Unit) Password Validation should reject passwords without special characters" name="User Registration Validation (Unit) Password Validation should reject passwords without special characters" time="0.001">
    </testcase>
    <testcase classname="User Registration Validation (Unit) Password Validation should accept valid password" name="User Registration Validation (Unit) Password Validation should accept valid password" time="0.001">
    </testcase>
    <testcase classname="User Registration Validation (Unit) Email Validation should reject invalid email formats" name="User Registration Validation (Unit) Email Validation should reject invalid email formats" time="0.001">
    </testcase>
    <testcase classname="User Registration Validation (Unit) Email Validation should accept valid email formats" name="User Registration Validation (Unit) Email Validation should accept valid email formats" time="0.002">
    </testcase>
    <testcase classname="User Registration Validation (Unit) User Data Sanitization should trim whitespace from user input" name="User Registration Validation (Unit) User Data Sanitization should trim whitespace from user input" time="0.002">
    </testcase>
    <testcase classname="User Registration Validation (Unit) User Data Sanitization should detect SQL injection attempts" name="User Registration Validation (Unit) User Data Sanitization should detect SQL injection attempts" time="0.005">
    </testcase>
    <testcase classname="User Registration Validation (Unit) User Data Sanitization should enforce maximum length on name fields" name="User Registration Validation (Unit) User Data Sanitization should enforce maximum length on name fields" time="0.001">
    </testcase>
    <testcase classname="User Registration Validation (Unit) Duplicate Email Prevention should check email exists before inserting" name="User Registration Validation (Unit) Duplicate Email Prevention should check email exists before inserting" time="0.002">
    </testcase>
    <testcase classname="User Registration Validation (Unit) Duplicate Email Prevention should reject duplicate email on insert" name="User Registration Validation (Unit) Duplicate Email Prevention should reject duplicate email on insert" time="0.002">
    </testcase>
  </testsuite>
  <testsuite name="Employee Onboarding API E2E Tests" errors="0" failures="0" skipped="0" timestamp="2026-07-26T00:16:55" time="0.067" tests="9">
    <testcase classname="Employee Onboarding API E2E Tests New Hire Onboarding Scenario should complete full onboarding for new employee" name="Employee Onboarding API E2E Tests New Hire Onboarding Scenario should complete full onboarding for new employee" time="0.007">
    </testcase>
    <testcase classname="Employee Onboarding API E2E Tests Manager Dashboard Workflow should display manager dashboard with all team onboardings" name="Employee Onboarding API E2E Tests Manager Dashboard Workflow should display manager dashboard with all team onboardings" time="0.002">
    </testcase>
    <testcase classname="Employee Onboarding API E2E Tests Manager Dashboard Workflow should handle budget override request workflow" name="Employee Onboarding API E2E Tests Manager Dashboard Workflow should handle budget override request workflow" time="0.002">
    </testcase>
    <testcase classname="Employee Onboarding API E2E Tests HR Reporting Workflow should generate onboarding completion report" name="Employee Onboarding API E2E Tests HR Reporting Workflow should generate onboarding completion report" time="0.002">
    </testcase>
    <testcase classname="Employee Onboarding API E2E Tests Task Assignment Workflow should assign tasks to specific team members" name="Employee Onboarding API E2E Tests Task Assignment Workflow should assign tasks to specific team members" time="0.002">
    </testcase>
    <testcase classname="Employee Onboarding API E2E Tests Task Assignment Workflow should track task completion by assignee" name="Employee Onboarding API E2E Tests Task Assignment Workflow should track task completion by assignee" time="0.002">
    </testcase>
    <testcase classname="Employee Onboarding API E2E Tests Emergency Scenario - Expedited Onboarding should support expedited onboarding with reduced timeline" name="Employee Onboarding API E2E Tests Emergency Scenario - Expedited Onboarding should support expedited onboarding with reduced timeline" time="0.004">
    </testcase>
    <testcase classname="Employee Onboarding API E2E Tests Task Comment and Feedback System should allow adding comments and feedback to tasks" name="Employee Onboarding API E2E Tests Task Comment and Feedback System should allow adding comments and feedback to tasks" time="0.002">
    </testcase>
    <testcase classname="Employee Onboarding API E2E Tests Task Comment and Feedback System should retrieve task history with comments" name="Employee Onboarding API E2E Tests Task Comment and Feedback System should retrieve task history with comments" time="0.002">
    </testcase>
  </testsuite>
  <testsuite name="Shipping Service - Unit Tests" errors="0" failures="0" skipped="0" timestamp="2026-07-26T00:16:55" time="0.06" tests="4">
    <testcase classname="Shipping Service - Unit Tests getShippingRates returns success with rates from ShippingCacheService" name="Shipping Service - Unit Tests getShippingRates returns success with rates from ShippingCacheService" time="0.002">
    </testcase>
    <testcase classname="Shipping Service - Unit Tests getShippingRates defaults vendorId when none is provided" name="Shipping Service - Unit Tests getShippingRates defaults vendorId when none is provided" time="0.001">
    </testcase>
    <testcase classname="Shipping Service - Unit Tests getShippingRates returns failure when destination is missing" name="Shipping Service - Unit Tests getShippingRates returns failure when destination is missing" time="0.002">
    </testcase>
    <testcase classname="Shipping Service - Unit Tests getShippingRates returns failure when ShippingCacheService throws" name="Shipping Service - Unit Tests getShippingRates returns failure when ShippingCacheService throws" time="0.002">
    </testcase>
  </testsuite>
  <testsuite name="CircuitBreaker" errors="0" failures="0" skipped="0" timestamp="2026-07-26T00:16:55" time="0.059" tests="4">
    <testcase classname="CircuitBreaker executes successful function in CLOSED state" name="CircuitBreaker executes successful function in CLOSED state" time="0.002">
    </testcase>
    <testcase classname="CircuitBreaker opens circuit after failure threshold" name="CircuitBreaker opens circuit after failure threshold" time="0.006">
    </testcase>
    <testcase classname="CircuitBreaker uses fallback while OPEN" name="CircuitBreaker uses fallback while OPEN" time="0.003">
    </testcase>
    <testcase classname="CircuitBreaker reset returns breaker to CLOSED" name="CircuitBreaker reset returns breaker to CLOSED" time="0.006">
    </testcase>
  </testsuite>
  <testsuite name="TaxService - Unit Tests" errors="0" failures="0" skipped="0" timestamp="2026-07-26T00:16:55" time="0.06" tests="6">
    <testcase classname="TaxService - Unit Tests getTaxRate uses explicit context taxRate when provided" name="TaxService - Unit Tests getTaxRate uses explicit context taxRate when provided" time="0.002">
    </testcase>
    <testcase classname="TaxService - Unit Tests getTaxRate uses US state rate before country and default" name="TaxService - Unit Tests getTaxRate uses US state rate before country and default" time="0.002">
    </testcase>
    <testcase classname="TaxService - Unit Tests getTaxRate uses country rate when state-specific rate is unavailable" name="TaxService - Unit Tests getTaxRate uses country rate when state-specific rate is unavailable" time="0.002">
    </testcase>
    <testcase classname="TaxService - Unit Tests getTaxRate falls back to default tax rate when no mapping matches" name="TaxService - Unit Tests getTaxRate falls back to default tax rate when no mapping matches" time="0.002">
    </testcase>
    <testcase classname="TaxService - Unit Tests calculations calculates major-unit tax with 2-decimal rounding" name="TaxService - Unit Tests calculations calculates major-unit tax with 2-decimal rounding" time="0.001">
    </testcase>
    <testcase classname="TaxService - Unit Tests calculations calculates minor-unit tax as integer" name="TaxService - Unit Tests calculations calculates minor-unit tax as integer" time="0.002">
    </testcase>
  </testsuite>
  <testsuite name="GuestCartService.validateGuestCart" errors="0" failures="0" skipped="0" timestamp="2026-07-26T00:16:55" time="0.04" tests="4">
    <testcase classname="GuestCartService.validateGuestCart returns invalid when cart is empty" name="GuestCartService.validateGuestCart returns invalid when cart is empty" time="0.003">
    </testcase>
    <testcase classname="GuestCartService.validateGuestCart returns invalid when item price changed" name="GuestCartService.validateGuestCart returns invalid when item price changed" time="0.002">
    </testcase>
    <testcase classname="GuestCartService.validateGuestCart returns invalid when stock is insufficient" name="GuestCartService.validateGuestCart returns invalid when stock is insufficient" time="0.002">
    </testcase>
    <testcase classname="GuestCartService.validateGuestCart returns valid when all items are available and unchanged" name="GuestCartService.validateGuestCart returns valid when all items are available and unchanged" time="0.003">
    </testcase>
  </testsuite>
  <testsuite name="InventoryRepository - optimistic locking" errors="0" failures="0" skipped="0" timestamp="2026-07-26T00:16:55" time="0.05" tests="7">
    <testcase classname="InventoryRepository - optimistic locking reserveStockWithOptimisticLock reserves stock when the version is unchanged" name="InventoryRepository - optimistic locking reserveStockWithOptimisticLock reserves stock when the version is unchanged" time="0.002">
    </testcase>
    <testcase classname="InventoryRepository - optimistic locking reserveStockWithOptimisticLock reports not_found for a missing variant" name="InventoryRepository - optimistic locking reserveStockWithOptimisticLock reports not_found for a missing variant" time="0.002">
    </testcase>
    <testcase classname="InventoryRepository - optimistic locking reserveStockWithOptimisticLock reports insufficient_stock without attempting the update" name="InventoryRepository - optimistic locking reserveStockWithOptimisticLock reports insufficient_stock without attempting the update" time="0.002">
    </testcase>
    <testcase classname="InventoryRepository - optimistic locking reserveStockWithOptimisticLock retries on version conflict and succeeds on a later attempt" name="InventoryRepository - optimistic locking reserveStockWithOptimisticLock retries on version conflict and succeeds on a later attempt" time="0.005">
    </testcase>
    <testcase classname="InventoryRepository - optimistic locking reserveStockWithOptimisticLock gives up with version_conflict after exhausting retries" name="InventoryRepository - optimistic locking reserveStockWithOptimisticLock gives up with version_conflict after exhausting retries" time="0.002">
    </testcase>
    <testcase classname="InventoryRepository - optimistic locking releaseStock returns stock and bumps the version" name="InventoryRepository - optimistic locking releaseStock returns stock and bumps the version" time="0.002">
    </testcase>
    <testcase classname="InventoryRepository - optimistic locking releaseStock returns null when the variant does not exist" name="InventoryRepository - optimistic locking releaseStock returns null when the variant does not exist" time="0.002">
    </testcase>
  </testsuite>
</testsuites>